<?xml version="1.0" encoding="UTF-8"?>
<!-- Generated by org.testng.reporters.JUnitReportReporter -->
<testsuite hostname="mina" failures="0" tests="3" name="com.tutorialN.testCases.RegisterTest" time="195.942" errors="0" timestamp="27 Jul 2024 20:29:08 GMT" skipped="0">
  <testcase classname="com.tutorialN.testCases.RegisterTest" name="registerWithValidDetails" time="177.477"/>
  <testcase classname="com.tutorialN.testCases.RegisterTest" name="registerWithAllDetails" time="11.135"/>
  <testcase classname="com.tutorialN.testCases.RegisterTest" name="registerWithExsistEmail" time="7.330"/>
</testsuite> <!-- com.tutorialN.testCases.RegisterTest -->
