<?xml version="1.0" encoding="UTF-8"?>
<!-- Generated by org.testng.reporters.JUnitReportReporter -->
<testsuite hostname="mina" failures="0" tests="7" name="com.tutorialN.testCases.LoginTest" time="47.565" errors="0" timestamp="27 Jul 2024 20:29:08 GMT" skipped="0">
  <testcase classname="com.tutorialN.testCases.LoginTest" name="loginWithValidCredianls" time="12.099"/>
  <testcase classname="com.tutorialN.testCases.LoginTest" name="loginWithInValidCredianls" time="6.295"/>
  <testcase classname="com.tutorialN.testCases.LoginTest" name="loginWithInValidEmail" time="6.210"/>
  <testcase classname="com.tutorialN.testCases.LoginTest" name="loginWithInValidPassword" time="6.182"/>
  <testcase classname="com.tutorialN.testCases.LoginTest" name="loginWithNoCredantias" time="5.454"/>
  <testcase classname="com.tutorialN.testCases.LoginTest" name="loginWithEmptyEmail" time="5.767"/>
  <testcase classname="com.tutorialN.testCases.LoginTest" name="loginWithEmptyPassword" time="5.558"/>
</testsuite> <!-- com.tutorialN.testCases.LoginTest -->
