<?xml version="1.0" encoding="UTF-8"?>
<!-- Generated by org.testng.reporters.JUnitReportReporter -->
<testsuite hostname="mina" failures="0" tests="4" name="com.tutorialN.testCases.SearchProductTest" time="27.625" errors="0" timestamp="2024-08-08T17:42:50 EDT" skipped="0">
  <testcase classname="com.tutorialN.testCases.SearchProductTest" name="searchWithValidProduct" time="7.468"/>
  <testcase classname="com.tutorialN.testCases.SearchProductTest" name="searchWithInValidProduct" time="6.025"/>
  <testcase classname="com.tutorialN.testCases.SearchProductTest" name="searchWithNoProduct" time="4.332"/>
  <testcase classname="com.tutorialN.testCases.SearchProductTest" name="addValidProductAndCompletCheckout" time="9.800"/>
</testsuite> <!-- com.tutorialN.testCases.SearchProductTest -->
