<?xml version="1.0" encoding="UTF-8"?>
<!-- Generated by org.testng.reporters.JUnitReportReporter -->
<testsuite hostname="mina" failures="0" tests="3" name="com.tutorialN.testCases.RegisterTest" time="32.345" errors="0" timestamp="2024-08-08T17:42:50 EDT" skipped="0">
  <testcase classname="com.tutorialN.testCases.RegisterTest" name="registerWithValidDetails" time="7.919"/>
  <testcase classname="com.tutorialN.testCases.RegisterTest" name="registerWithAllDetails" time="9.328"/>
  <testcase classname="com.tutorialN.testCases.RegisterTest" name="registerWithExsistEmail" time="15.098"/>
</testsuite> <!-- com.tutorialN.testCases.RegisterTest -->
